This is pdfTeX, Version 3.1415926-1.40.11 (MiKTeX 2.9) (preloaded format=pdflatex 2010.11.3)  30 AUG 2011 16:42
entering extended mode
**D:/pb404/FirstYearReport/PeteBunch_FirstYearReport_FLPFforTT.tex
(D:/pb404/FirstYearReport/PeteBunch_FirstYearReport_FLPFforTT.tex
LaTeX2e <2009/09/24>
Babel <v3.8l> and hyphenation patterns for english, afrikaans, ancientgreek, ar
abic, armenian, assamese, basque, bengali, bokmal, bulgarian, catalan, coptic, 
croatian, czech, danish, dutch, esperanto, estonian, farsi, finnish, french, ga
lician, german, german-x-2009-06-19, greek, gujarati, hindi, hungarian, iceland
ic, indonesian, interlingua, irish, italian, kannada, kurmanji, lao, latin, lat
vian, lithuanian, malayalam, marathi, mongolian, mongolianlmc, monogreek, ngerm
an, ngerman-x-2009-06-19, nynorsk, oriya, panjabi, pinyin, polish, portuguese, 
romanian, russian, sanskrit, serbian, slovak, slovenian, spanish, swedish, swis
sgerman, tamil, telugu, turkish, turkmen, ukenglish, ukrainian, uppersorbian, u
senglishmax, welsh, loaded.
(D:\pb404\FirstYearReport\RJWThesis.cls
Document Class: RJWThesis 2003/04/04 v0.1 RJW Thesis Class class
("C:\Program Files (x86)\MiKTeX 2.9\tex\latex\base\book.cls"
Document Class: book 2007/10/19 v1.4h Standard LaTeX document class
("C:\Program Files (x86)\MiKTeX 2.9\tex\latex\base\bk10.clo"
File: bk10.clo 2007/10/19 v1.4h Standard LaTeX file (size option)
)
\c@part=\count79
\c@chapter=\count80
\c@section=\count81
\c@subsection=\count82
\c@subsubsection=\count83
\c@paragraph=\count84
\c@subparagraph=\count85
\c@figure=\count86
\c@table=\count87
\abovecaptionskip=\skip41
\belowcaptionskip=\skip42
\bibindent=\dimen102
)
("C:\Program Files (x86)\MiKTeX 2.9\tex\latex\geometry\geometry.sty"
Package: geometry 2010/09/12 v5.6 Page Geometry

("C:\Program Files (x86)\MiKTeX 2.9\tex\latex\graphics\keyval.sty"
Package: keyval 1999/03/16 v1.13 key=value parser (DPC)
\KV@toks@=\toks14
)
("C:\Program Files (x86)\MiKTeX 2.9\tex\generic\oberdiek\ifpdf.sty"
Package: ifpdf 2010/01/28 v2.1 Provides the ifpdf switch (HO)
Package ifpdf Info: pdfTeX in pdf mode detected.
)
("C:\Program Files (x86)\MiKTeX 2.9\tex\generic\oberdiek\ifvtex.sty"
Package: ifvtex 2010/03/01 v1.5 Switches for detecting VTeX and its modes (HO)
Package ifvtex Info: VTeX not detected.
)
("C:\Program Files (x86)\MiKTeX 2.9\tex\generic\ifxetex\ifxetex.sty"
Package: ifxetex 2010/09/12 v0.6 Provides ifxetex conditional
)
\Gm@cnth=\count88
\Gm@cntv=\count89
\c@Gm@tempcnt=\count90
\Gm@bindingoffset=\dimen103
\Gm@wd@mp=\dimen104
\Gm@odd@mp=\dimen105
\Gm@even@mp=\dimen106
\Gm@layoutwidth=\dimen107
\Gm@layoutheight=\dimen108
\Gm@layouthoffset=\dimen109
\Gm@layoutvoffset=\dimen110
\Gm@dimlist=\toks15

("C:\Program Files (x86)\MiKTeX 2.9\tex\latex\geometry\geometry.cfg"))
("C:\Program Files (x86)\MiKTeX 2.9\tex\latex\fancyhdr\fancyhdr.sty"
\fancy@headwidth=\skip43
\f@ncyO@elh=\skip44
\f@ncyO@erh=\skip45
\f@ncyO@olh=\skip46
\f@ncyO@orh=\skip47
\f@ncyO@elf=\skip48
\f@ncyO@erf=\skip49
\f@ncyO@olf=\skip50
\f@ncyO@orf=\skip51
)
("C:\Program Files (x86)\MiKTeX 2.9\tex\latex\base\ifthen.sty"
Package: ifthen 2001/05/26 v1.1c Standard LaTeX ifthen package (DPC)
)
("C:\Program Files (x86)\MiKTeX 2.9\tex\latex\xcolor\xcolor.sty"
Package: xcolor 2007/01/21 v2.11 LaTeX color extensions (UK)

("C:\Program Files (x86)\MiKTeX 2.9\tex\latex\00miktex\color.cfg"
File: color.cfg 2007/01/18 v1.5 color configuration of teTeX/TeXLive
)
Package xcolor Info: Driver file: pdftex.def on input line 225.

("C:\Program Files (x86)\MiKTeX 2.9\tex\latex\pdftex-def\pdftex.def"
File: pdftex.def 2010/09/14 v0.05b Graphics/color for pdfTeX
\Gread@gobject=\count91
)
Package xcolor Info: Model `cmy' substituted by `cmy0' on input line 1337.
Package xcolor Info: Model `hsb' substituted by `rgb' on input line 1341.
Package xcolor Info: Model `RGB' extended on input line 1353.
Package xcolor Info: Model `HTML' substituted by `rgb' on input line 1355.
Package xcolor Info: Model `Hsb' substituted by `hsb' on input line 1356.
Package xcolor Info: Model `tHsb' substituted by `hsb' on input line 1357.
Package xcolor Info: Model `HSB' substituted by `hsb' on input line 1358.
Package xcolor Info: Model `Gray' substituted by `gray' on input line 1359.
Package xcolor Info: Model `wave' substituted by `hsb' on input line 1360.
)
("C:\Program Files (x86)\MiKTeX 2.9\tex\latex\amsfonts\amssymb.sty"
Package: amssymb 2009/06/22 v3.00

("C:\Program Files (x86)\MiKTeX 2.9\tex\latex\amsfonts\amsfonts.sty"
Package: amsfonts 2009/06/22 v3.00 Basic AMSFonts support
\@emptytoks=\toks16
\symAMSa=\mathgroup4
\symAMSb=\mathgroup5
LaTeX Font Info:    Overwriting math alphabet `\mathfrak' in version `bold'
(Font)                  U/euf/m/n --> U/euf/b/n on input line 96.
))
("C:\Program Files (x86)\MiKTeX 2.9\tex\latex\sectsty\sectsty.sty"
Package: sectsty 2002/02/25 v2.0.2 Commands to change all sectional heading sty
les
)
("C:\Program Files (x86)\MiKTeX 2.9\tex\latex\numprint\numprint.sty"
Package: numprint 2008/02/17 v1.38 Print numbers (HH)

("C:\Program Files (x86)\MiKTeX 2.9\tex\latex\tools\array.sty"
Package: array 2008/09/09 v2.4c Tabular extension package (FMi)
\col@sep=\dimen111
\extrarowheight=\dimen112
\NC@list=\toks17
\extratabsurround=\skip52
\backup@length=\skip53
)
\c@nprt@mantissa@digitsbefore=\count92
\c@nprt@mantissa@digitsafter=\count93
\c@nprt@exponent@digitsbefore=\count94
\c@nprt@exponent@digitsafter=\count95
\nprt@digitwidth=\skip54
\nprt@sepwidth=\skip55
\nprt@decimalwidth=\skip56
\nprt@blockwidth=\skip57
\nprt@digittoks=\toks18
\nprt@pretoks=\toks19
\nprt@posttoks=\toks20
\nprt@thisdigit=\count96
\nprt@curpos=\count97
\nprt@rndpos=\count98
\c@nprt@digitsfirstblock=\count99
\c@nprt@blockcnt=\count100
\c@nprt@cntprint=\count101

No configuration file `numprint.cfg' found.)
("C:\Program Files (x86)\MiKTeX 2.9\tex\latex\eso-pic\eso-pic.sty"
Package: eso-pic 2010/10/06 v2.0c eso-pic (RN)

("C:\Program Files (x86)\MiKTeX 2.9\tex\generic\oberdiek\atbegshi.sty"
Package: atbegshi 2010/03/25 v1.12 At begin shipout hook (HO)

("C:\Program Files (x86)\MiKTeX 2.9\tex\generic\oberdiek\infwarerr.sty"
Package: infwarerr 2010/04/08 v1.3 Providing info/warning/message (HO)
)
("C:\Program Files (x86)\MiKTeX 2.9\tex\generic\oberdiek\ltxcmds.sty"
Package: ltxcmds 2010/04/26 v1.7 LaTeX kernel commands for general use (HO)
)))
\pagedecorationwidth=\skip58
\chapnumoffset=\skip59
\decorationoffset=\skip60
\@quotebox=\box26
\chap@savetitle=\box27
\chapheadwidth=\skip61
\chapnumheight=\skip62
\chapflash@width=\skip63
\title@height=\skip64
\title@offset=\skip65
)
("C:\Program Files (x86)\MiKTeX 2.9\tex\latex\ams\math\amsmath.sty"
Package: amsmath 2000/07/18 v2.13 AMS math features
\@mathmargin=\skip66

For additional information on amsmath, use the `?' option.
("C:\Program Files (x86)\MiKTeX 2.9\tex\latex\ams\math\amstext.sty"
Package: amstext 2000/06/29 v2.01

("C:\Program Files (x86)\MiKTeX 2.9\tex\latex\ams\math\amsgen.sty"
File: amsgen.sty 1999/11/30 v2.0
\@emptytoks=\toks21
\ex@=\dimen113
))
("C:\Program Files (x86)\MiKTeX 2.9\tex\latex\ams\math\amsbsy.sty"
Package: amsbsy 1999/11/29 v1.2d
\pmbraise@=\dimen114
)
("C:\Program Files (x86)\MiKTeX 2.9\tex\latex\ams\math\amsopn.sty"
Package: amsopn 1999/12/14 v2.01 operator names
)
\inf@bad=\count102
LaTeX Info: Redefining \frac on input line 211.
\uproot@=\count103
\leftroot@=\count104
LaTeX Info: Redefining \overline on input line 307.
\classnum@=\count105
\DOTSCASE@=\count106
LaTeX Info: Redefining \ldots on input line 379.
LaTeX Info: Redefining \dots on input line 382.
LaTeX Info: Redefining \cdots on input line 467.
\Mathstrutbox@=\box28
\strutbox@=\box29
\big@size=\dimen115
LaTeX Font Info:    Redeclaring font encoding OML on input line 567.
LaTeX Font Info:    Redeclaring font encoding OMS on input line 568.
\macc@depth=\count107
\c@MaxMatrixCols=\count108
\dotsspace@=\muskip10
\c@parentequation=\count109
\dspbrk@lvl=\count110
\tag@help=\toks22
\row@=\count111
\column@=\count112
\maxfields@=\count113
\andhelp@=\toks23
\eqnshift@=\dimen116
\alignsep@=\dimen117
\tagshift@=\dimen118
\tagwidth@=\dimen119
\totwidth@=\dimen120
\lineht@=\dimen121
\@envbody=\toks24
\multlinegap=\skip67
\multlinetaggap=\skip68
\mathdisplay@stack=\toks25
LaTeX Info: Redefining \[ on input line 2666.
LaTeX Info: Redefining \] on input line 2667.
)
(D:\pb404\FirstYearReport\IEEEtrantools.sty
Package: IEEEtrantools 2007/01/11 V1.2 by Michael Shell

-- See the "IEEEtrantools_doc.txt" manual for usage information.
-- http://www.michaelshell.org/tex/ieeetran/tools/
\@IEEEtrantmpdimenA=\dimen122
\@IEEEtrantmpdimenB=\dimen123
\@IEEEtrantmpcountA=\count114
\@IEEEtrantmpcountB=\count115
\@IEEEtrantmptoksA=\toks26
\IEEEnormaljot=\dimen124
\IEEEilabelindentA=\dimen125
\IEEEilabelindentB=\dimen126
\IEEEilabelindent=\dimen127
\IEEEelabelindent=\dimen128
\IEEEdlabelindent=\dimen129
\IEEElabelindent=\dimen130
\IEEEiednormlabelsep=\dimen131
\IEEEiedmathlabelsep=\dimen132
\IEEEiedtopsep=\skip69
\c@IEEEsubequation=\count116
\@IEEEeqnnumcols=\count117
\@IEEEeqncolcnt=\count118
\IEEEPARstartletwidth=\dimen133
) ("C:\Program Files (x86)\MiKTeX 2.9\tex\latex\graphics\graphicx.sty"
Package: graphicx 1999/02/16 v1.0f Enhanced LaTeX Graphics (DPC,SPQR)

("C:\Program Files (x86)\MiKTeX 2.9\tex\latex\graphics\graphics.sty"
Package: graphics 2009/02/05 v1.0o Standard LaTeX Graphics (DPC,SPQR)

("C:\Program Files (x86)\MiKTeX 2.9\tex\latex\graphics\trig.sty"
Package: trig 1999/03/16 v1.09 sin cos tan (DPC)
)
("C:\Program Files (x86)\MiKTeX 2.9\tex\latex\00miktex\graphics.cfg"
File: graphics.cfg 2007/01/18 v1.5 graphics configuration of teTeX/TeXLive
)
Package graphics Info: Driver file: pdftex.def on input line 91.
)
\Gin@req@height=\dimen134
\Gin@req@width=\dimen135
)
("C:\Program Files (x86)\MiKTeX 2.9\tex\latex\ltxmisc\url.sty"
\Urlmuskip=\muskip11
Package: url 2006/04/12  ver 3.3  Verb mode for urls, etc.
)
("C:\Program Files (x86)\MiKTeX 2.9\tex\latex\hyperref\hyperref.sty"
Package: hyperref 2010/10/30 v6.81t Hypertext links for LaTeX

("C:\Program Files (x86)\MiKTeX 2.9\tex\generic\oberdiek\kvsetkeys.sty"
Package: kvsetkeys 2010/03/01 v1.9 Key value parser (HO)

("C:\Program Files (x86)\MiKTeX 2.9\tex\generic\oberdiek\etexcmds.sty"
Package: etexcmds 2010/01/28 v1.3 Prefix for e-TeX command names (HO)
Package etexcmds Info: Could not find \expanded.
(etexcmds)             That can mean that you are not using pdfTeX 1.50 or
(etexcmds)             that some package has redefined \expanded.
(etexcmds)             In the latter case, load this package earlier.
))
("C:\Program Files (x86)\MiKTeX 2.9\tex\generic\oberdiek\pdfescape.sty"
Package: pdfescape 2010/03/01 v1.9 Provides hex, PDF name and string conversion
s (HO)

("C:\Program Files (x86)\MiKTeX 2.9\tex\generic\oberdiek\pdftexcmds.sty"
Package: pdftexcmds 2010/04/01 v0.9 Utility functions of pdfTeX for LuaTeX (HO)


("C:\Program Files (x86)\MiKTeX 2.9\tex\generic\oberdiek\ifluatex.sty"
Package: ifluatex 2010/03/01 v1.3 Provides the ifluatex switch (HO)
Package ifluatex Info: LuaTeX not detected.
)
Package pdftexcmds Info: LuaTeX not detected.
Package pdftexcmds Info: \pdf@primitive is available.
Package pdftexcmds Info: \pdf@ifprimitive is available.
))
("C:\Program Files (x86)\MiKTeX 2.9\tex\latex\oberdiek\hycolor.sty"
Package: hycolor 2009/12/12 v1.6 Color options of hyperref/bookmark (HO)

("C:\Program Files (x86)\MiKTeX 2.9\tex\latex\oberdiek\xcolor-patch.sty"
Package: xcolor-patch 2009/12/12 xcolor patch
))
("C:\Program Files (x86)\MiKTeX 2.9\tex\latex\oberdiek\letltxmacro.sty"
Package: letltxmacro 2008/06/24 v1.3 Let assignment for LaTeX macros (HO)
)
("C:\Program Files (x86)\MiKTeX 2.9\tex\latex\oberdiek\kvoptions.sty"
Package: kvoptions 2010/02/22 v3.7 Keyval support for LaTeX options (HO)
)
\@linkdim=\dimen136
\Hy@linkcounter=\count119
\Hy@pagecounter=\count120

("C:\Program Files (x86)\MiKTeX 2.9\tex\latex\hyperref\pd1enc.def"
File: pd1enc.def 2010/10/30 v6.81t Hyperref: PDFDocEncoding definition (HO)
)
("C:\Program Files (x86)\MiKTeX 2.9\tex\generic\oberdiek\intcalc.sty"
Package: intcalc 2007/09/27 v1.1 Expandable integer calculations (HO)
)
\Hy@SavedSpaceFactor=\count121

("C:\Program Files (x86)\MiKTeX 2.9\tex\latex\00miktex\hyperref.cfg"
File: hyperref.cfg 2002/06/06 v1.2 hyperref configuration of TeXLive
)
Package hyperref Info: Hyper figures OFF on input line 3976.
Package hyperref Info: Link nesting OFF on input line 3981.
Package hyperref Info: Hyper index ON on input line 3984.
Package hyperref Info: Plain pages OFF on input line 3991.
Package hyperref Info: Backreferencing OFF on input line 3996.
Package hyperref Info: Implicit mode ON; LaTeX internals redefined.
Package hyperref Info: Bookmarks ON on input line 4211.
\c@Hy@tempcnt=\count122
LaTeX Info: Redefining \url on input line 4566.

("C:\Program Files (x86)\MiKTeX 2.9\tex\generic\oberdiek\bitset.sty"
Package: bitset 2007/09/28 v1.0 Data type bit set (HO)

("C:\Program Files (x86)\MiKTeX 2.9\tex\generic\oberdiek\bigintcalc.sty"
Package: bigintcalc 2007/11/11 v1.1 Expandable big integer calculations (HO)
))
\Fld@menulength=\count123
\Field@Width=\dimen137
\Fld@charsize=\dimen138
Package hyperref Info: Hyper figures OFF on input line 5626.
Package hyperref Info: Link nesting OFF on input line 5631.
Package hyperref Info: Hyper index ON on input line 5634.
Package hyperref Info: backreferencing OFF on input line 5641.
Package hyperref Info: Link coloring OFF on input line 5646.
Package hyperref Info: Link coloring with OCG OFF on input line 5651.
Package hyperref Info: PDF/A mode OFF on input line 5656.
LaTeX Info: Redefining \ref on input line 5696.
LaTeX Info: Redefining \pageref on input line 5700.
\Hy@abspage=\count124
\c@Item=\count125
\c@Hfootnote=\count126
)

Package hyperref Message: Driver (autodetected): hpdftex.

("C:\Program Files (x86)\MiKTeX 2.9\tex\latex\hyperref\hpdftex.def"
File: hpdftex.def 2010/10/30 v6.81t Hyperref driver for pdfTeX

("C:\Program Files (x86)\MiKTeX 2.9\tex\latex\oberdiek\atveryend.sty"
Package: atveryend 2010/03/24 v1.5 Hooks at very end of document (HO)
Package atveryend Info: \enddocument detected (standard).
)
\Fld@listcount=\count127
\c@bookmark@seq@number=\count128

("C:\Program Files (x86)\MiKTeX 2.9\tex\latex\oberdiek\rerunfilecheck.sty"
Package: rerunfilecheck 2010/03/16 v1.6 Rerun checks for auxiliary files (HO)

("C:\Program Files (x86)\MiKTeX 2.9\tex\generic\oberdiek\uniquecounter.sty"
Package: uniquecounter 2009/12/18 v1.1 Provides unlimited unique counter (HO)
)
Package uniquecounter Info: New unique counter `rerunfilecheck' on input line 2
71.
)
\Hy@SectionHShift=\skip70
)
("C:\Program Files (x86)\MiKTeX 2.9\tex\latex\subfigure\subfigure.sty"
Package: subfigure 2002/07/30 v2.1.4 subfigure package
\subfigtopskip=\skip71
\subfigcapskip=\skip72
\subfigcaptopadj=\dimen139
\subfigbottomskip=\skip73
\subfigcapmargin=\dimen140
\subfiglabelskip=\skip74
\c@subfigure=\count129
\c@lofdepth=\count130
\c@subtable=\count131
\c@lotdepth=\count132

****************************************
* Local config file subfigure.cfg used *
****************************************
("C:\Program Files (x86)\MiKTeX 2.9\tex\latex\subfigure\subfigure.cfg")
\subfig@top=\skip75
\subfig@bottom=\skip76
)
("C:\Program Files (x86)\MiKTeX 2.9\tex\latex\multirow\multirow.sty"
\bigstrutjot=\dimen141
)
("C:\Program Files (x86)\MiKTeX 2.9\tex\latex\pgf\frontendlayer\tikz.sty"
("C:\Program Files (x86)\MiKTeX 2.9\tex\latex\pgf\basiclayer\pgf.sty"
("C:\Program Files (x86)\MiKTeX 2.9\tex\latex\pgf\utilities\pgfrcs.sty"
("C:\Program Files (x86)\MiKTeX 2.9\tex\generic\pgf\utilities\pgfutil-common.te
x"
\pgfutil@everybye=\toks27
)
("C:\Program Files (x86)\MiKTeX 2.9\tex\generic\pgf\utilities\pgfutil-latex.def
"
\pgfutil@abb=\box30
 ("C:\Program Files (x86)\MiKTeX 2.9\tex\latex\ms\everyshi.sty"
Package: everyshi 2001/05/15 v3.00 EveryShipout Package (MS)
))
("C:\Program Files (x86)\MiKTeX 2.9\tex\generic\pgf\utilities\pgfrcs.code.tex"
Package: pgfrcs 2010/10/25 v2.10 (rcs-revision 1.24)
))
Package: pgf 2008/01/15 v2.10 (rcs-revision 1.12)
 ("C:\Program Files (x86)\MiKTeX 2.9\tex\latex\pgf\basiclayer\pgfcore.sty"
("C:\Program Files (x86)\MiKTeX 2.9\tex\latex\pgf\systemlayer\pgfsys.sty"
("C:\Program Files (x86)\MiKTeX 2.9\tex\generic\pgf\systemlayer\pgfsys.code.tex
"
Package: pgfsys 2010/06/30 v2.10 (rcs-revision 1.37)
 ("C:\Program Files (x86)\MiKTeX 2.9\tex\generic\pgf\utilities\pgfkeys.code.tex
"
\pgfkeys@pathtoks=\toks28
\pgfkeys@temptoks=\toks29

("C:\Program Files (x86)\MiKTeX 2.9\tex\generic\pgf\utilities\pgfkeysfiltered.c
ode.tex"
\pgfkeys@tmptoks=\toks30
))
\pgf@x=\dimen142
\pgf@y=\dimen143
\pgf@xa=\dimen144
\pgf@ya=\dimen145
\pgf@xb=\dimen146
\pgf@yb=\dimen147
\pgf@xc=\dimen148
\pgf@yc=\dimen149
\w@pgf@writea=\write3
\r@pgf@reada=\read1
\c@pgf@counta=\count133
\c@pgf@countb=\count134
\c@pgf@countc=\count135
\c@pgf@countd=\count136

("C:\Program Files (x86)\MiKTeX 2.9\tex\generic\pgf\systemlayer\pgf.cfg"
File: pgf.cfg 2008/05/14  (rcs-revision 1.7)
)
Package pgfsys Info: Driver file for pgf: pgfsys-pdftex.def on input line 900.

("C:\Program Files (x86)\MiKTeX 2.9\tex\generic\pgf\systemlayer\pgfsys-pdftex.d
ef"
File: pgfsys-pdftex.def 2009/05/22  (rcs-revision 1.26)

("C:\Program Files (x86)\MiKTeX 2.9\tex\generic\pgf\systemlayer\pgfsys-common-p
df.def"
File: pgfsys-common-pdf.def 2008/05/19  (rcs-revision 1.10)
)))
("C:\Program Files (x86)\MiKTeX 2.9\tex\generic\pgf\systemlayer\pgfsyssoftpath.
code.tex"
File: pgfsyssoftpath.code.tex 2008/07/18  (rcs-revision 1.7)
\pgfsyssoftpath@smallbuffer@items=\count137
\pgfsyssoftpath@bigbuffer@items=\count138
)
("C:\Program Files (x86)\MiKTeX 2.9\tex\generic\pgf\systemlayer\pgfsysprotocol.
code.tex"
File: pgfsysprotocol.code.tex 2006/10/16  (rcs-revision 1.4)
))
("C:\Program Files (x86)\MiKTeX 2.9\tex\generic\pgf\basiclayer\pgfcore.code.tex
"
Package: pgfcore 2010/04/11 v2.10 (rcs-revision 1.7)
 ("C:\Program Files (x86)\MiKTeX 2.9\tex\generic\pgf\math\pgfmath.code.tex"
("C:\Program Files (x86)\MiKTeX 2.9\tex\generic\pgf\math\pgfmathcalc.code.tex"
("C:\Program Files (x86)\MiKTeX 2.9\tex\generic\pgf\math\pgfmathutil.code.tex")
("C:\Program Files (x86)\MiKTeX 2.9\tex\generic\pgf\math\pgfmathparser.code.tex
"
\pgfmath@dimen=\dimen150
\pgfmath@count=\count139
\pgfmath@box=\box31
\pgfmath@toks=\toks31
\pgfmath@stack@operand=\toks32
\pgfmath@stack@operation=\toks33
)
("C:\Program Files (x86)\MiKTeX 2.9\tex\generic\pgf\math\pgfmathfunctions.code.
tex"
("C:\Program Files (x86)\MiKTeX 2.9\tex\generic\pgf\math\pgfmathfunctions.basic
.code.tex")
("C:\Program Files (x86)\MiKTeX 2.9\tex\generic\pgf\math\pgfmathfunctions.trigo
nometric.code.tex")
("C:\Program Files (x86)\MiKTeX 2.9\tex\generic\pgf\math\pgfmathfunctions.rando
m.code.tex")
("C:\Program Files (x86)\MiKTeX 2.9\tex\generic\pgf\math\pgfmathfunctions.compa
rison.code.tex")
("C:\Program Files (x86)\MiKTeX 2.9\tex\generic\pgf\math\pgfmathfunctions.base.
code.tex")
("C:\Program Files (x86)\MiKTeX 2.9\tex\generic\pgf\math\pgfmathfunctions.round
.code.tex")
("C:\Program Files (x86)\MiKTeX 2.9\tex\generic\pgf\math\pgfmathfunctions.misc.
code.tex")))
("C:\Program Files (x86)\MiKTeX 2.9\tex\generic\pgf\math\pgfmathfloat.code.tex"
\c@pgfmathroundto@lastzeros=\count140
))
("C:\Program Files (x86)\MiKTeX 2.9\tex\generic\pgf\basiclayer\pgfcorepoints.co
de.tex"
File: pgfcorepoints.code.tex 2010/04/09  (rcs-revision 1.20)
\pgf@picminx=\dimen151
\pgf@picmaxx=\dimen152
\pgf@picminy=\dimen153
\pgf@picmaxy=\dimen154
\pgf@pathminx=\dimen155
\pgf@pathmaxx=\dimen156
\pgf@pathminy=\dimen157
\pgf@pathmaxy=\dimen158
\pgf@xx=\dimen159
\pgf@xy=\dimen160
\pgf@yx=\dimen161
\pgf@yy=\dimen162
\pgf@zx=\dimen163
\pgf@zy=\dimen164
)
("C:\Program Files (x86)\MiKTeX 2.9\tex\generic\pgf\basiclayer\pgfcorepathconst
ruct.code.tex"
File: pgfcorepathconstruct.code.tex 2010/08/03  (rcs-revision 1.24)
\pgf@path@lastx=\dimen165
\pgf@path@lasty=\dimen166
)
("C:\Program Files (x86)\MiKTeX 2.9\tex\generic\pgf\basiclayer\pgfcorepathusage
.code.tex"
File: pgfcorepathusage.code.tex 2008/04/22  (rcs-revision 1.12)
\pgf@shorten@end@additional=\dimen167
\pgf@shorten@start@additional=\dimen168
)
("C:\Program Files (x86)\MiKTeX 2.9\tex\generic\pgf\basiclayer\pgfcorescopes.co
de.tex"
File: pgfcorescopes.code.tex 2010/09/08  (rcs-revision 1.34)
\pgfpic=\box32
\pgf@hbox=\box33
\pgf@layerbox@main=\box34
\pgf@picture@serial@count=\count141
)
("C:\Program Files (x86)\MiKTeX 2.9\tex\generic\pgf\basiclayer\pgfcoregraphicst
ate.code.tex"
File: pgfcoregraphicstate.code.tex 2008/04/22  (rcs-revision 1.9)
\pgflinewidth=\dimen169
)
("C:\Program Files (x86)\MiKTeX 2.9\tex\generic\pgf\basiclayer\pgfcoretransform
ations.code.tex"
File: pgfcoretransformations.code.tex 2009/06/10  (rcs-revision 1.11)
\pgf@pt@x=\dimen170
\pgf@pt@y=\dimen171
\pgf@pt@temp=\dimen172
)
("C:\Program Files (x86)\MiKTeX 2.9\tex\generic\pgf\basiclayer\pgfcorequick.cod
e.tex"
File: pgfcorequick.code.tex 2008/10/09  (rcs-revision 1.3)
)
("C:\Program Files (x86)\MiKTeX 2.9\tex\generic\pgf\basiclayer\pgfcoreobjects.c
ode.tex"
File: pgfcoreobjects.code.tex 2006/10/11  (rcs-revision 1.2)
)
("C:\Program Files (x86)\MiKTeX 2.9\tex\generic\pgf\basiclayer\pgfcorepathproce
ssing.code.tex"
File: pgfcorepathprocessing.code.tex 2008/10/09  (rcs-revision 1.8)
)
("C:\Program Files (x86)\MiKTeX 2.9\tex\generic\pgf\basiclayer\pgfcorearrows.co
de.tex"
File: pgfcorearrows.code.tex 2008/04/23  (rcs-revision 1.11)
)
("C:\Program Files (x86)\MiKTeX 2.9\tex\generic\pgf\basiclayer\pgfcoreshade.cod
e.tex"
File: pgfcoreshade.code.tex 2008/11/23  (rcs-revision 1.13)
\pgf@max=\dimen173
\pgf@sys@shading@range@num=\count142
)
("C:\Program Files (x86)\MiKTeX 2.9\tex\generic\pgf\basiclayer\pgfcoreimage.cod
e.tex"
File: pgfcoreimage.code.tex 2010/03/25  (rcs-revision 1.16)

("C:\Program Files (x86)\MiKTeX 2.9\tex\generic\pgf\basiclayer\pgfcoreexternal.
code.tex"
File: pgfcoreexternal.code.tex 2010/09/01  (rcs-revision 1.17)
\pgfexternal@startupbox=\box35
))
("C:\Program Files (x86)\MiKTeX 2.9\tex\generic\pgf\basiclayer\pgfcorelayers.co
de.tex"
File: pgfcorelayers.code.tex 2010/08/27  (rcs-revision 1.2)
)
("C:\Program Files (x86)\MiKTeX 2.9\tex\generic\pgf\basiclayer\pgfcoretranspare
ncy.code.tex"
File: pgfcoretransparency.code.tex 2008/01/17  (rcs-revision 1.2)
)
("C:\Program Files (x86)\MiKTeX 2.9\tex\generic\pgf\basiclayer\pgfcorepatterns.
code.tex"
File: pgfcorepatterns.code.tex 2009/07/02  (rcs-revision 1.3)
)))
("C:\Program Files (x86)\MiKTeX 2.9\tex\generic\pgf\modules\pgfmoduleshapes.cod
e.tex"
File: pgfmoduleshapes.code.tex 2010/09/09  (rcs-revision 1.13)
\pgfnodeparttextbox=\box36
)
("C:\Program Files (x86)\MiKTeX 2.9\tex\generic\pgf\modules\pgfmoduleplot.code.
tex"
File: pgfmoduleplot.code.tex 2010/10/22  (rcs-revision 1.8)
)
("C:\Program Files (x86)\MiKTeX 2.9\tex\latex\pgf\compatibility\pgfcomp-version
-0-65.sty"
Package: pgfcomp-version-0-65 2007/07/03 v2.10 (rcs-revision 1.7)
\pgf@nodesepstart=\dimen174
\pgf@nodesepend=\dimen175
)
("C:\Program Files (x86)\MiKTeX 2.9\tex\latex\pgf\compatibility\pgfcomp-version
-1-18.sty"
Package: pgfcomp-version-1-18 2007/07/23 v2.10 (rcs-revision 1.1)
))
("C:\Program Files (x86)\MiKTeX 2.9\tex\latex\pgf\utilities\pgffor.sty"
("C:\Program Files (x86)\MiKTeX 2.9\tex\latex\pgf\utilities\pgfkeys.sty"
("C:\Program Files (x86)\MiKTeX 2.9\tex\generic\pgf\utilities\pgfkeys.code.tex"
)) ("C:\Program Files (x86)\MiKTeX 2.9\tex\generic\pgf\utilities\pgffor.code.te
x"
Package: pgffor 2010/03/23 v2.10 (rcs-revision 1.18)
\pgffor@iter=\dimen176
\pgffor@skip=\dimen177
\pgffor@stack=\toks34
\pgffor@toks=\toks35
))
("C:\Program Files (x86)\MiKTeX 2.9\tex\generic\pgf\frontendlayer\tikz\tikz.cod
e.tex"
Package: tikz 2010/10/13 v2.10 (rcs-revision 1.76)

("C:\Program Files (x86)\MiKTeX 2.9\tex\generic\pgf\libraries\pgflibraryplothan
dlers.code.tex"
File: pgflibraryplothandlers.code.tex 2010/05/31 v2.10 (rcs-revision 1.15)
\pgf@plot@mark@count=\count143
\pgfplotmarksize=\dimen178
)
\tikz@lastx=\dimen179
\tikz@lasty=\dimen180
\tikz@lastxsaved=\dimen181
\tikz@lastysaved=\dimen182
\tikzleveldistance=\dimen183
\tikzsiblingdistance=\dimen184
\tikz@figbox=\box37
\tikz@tempbox=\box38
\tikztreelevel=\count144
\tikznumberofchildren=\count145
\tikznumberofcurrentchild=\count146
\tikz@fig@count=\count147

("C:\Program Files (x86)\MiKTeX 2.9\tex\generic\pgf\modules\pgfmodulematrix.cod
e.tex"
File: pgfmodulematrix.code.tex 2010/08/24  (rcs-revision 1.4)
\pgfmatrixcurrentrow=\count148
\pgfmatrixcurrentcolumn=\count149
\pgf@matrix@numberofcolumns=\count150
)
\tikz@expandcount=\count151

("C:\Program Files (x86)\MiKTeX 2.9\tex\generic\pgf\frontendlayer\tikz\librarie
s\tikzlibrarytopaths.code.tex"
File: tikzlibrarytopaths.code.tex 2008/06/17 v2.10 (rcs-revision 1.2)
)))
("C:\Program Files (x86)\MiKTeX 2.9\tex\generic\pgf\frontendlayer\tikz\librarie
s\tikzlibraryfit.code.tex"
File: tikzlibraryfit.code.tex 2008/06/21 v2.10 (rcs-revision 1.3)
) (D:\pb404\FirstYearReport\harvard.sty
Package: harvard 

("C:\Program Files (x86)\MiKTeX 2.9\tex\latex\latex2html\html.sty"
Package: html 1999/07/19 v1.38 hypertext commands for latex2html (nd, hws, rrm)

\c@lpart=\count152
\c@lchapter=\count153
\c@lsection=\count154
\c@lsubsection=\count155
\c@lsubsubsection=\count156
\c@lparagraph=\count157
\c@lsubparagraph=\count158
\c@lsubsubparagraph=\count159
\ptrfile=\write4
))
("C:\Program Files (x86)\MiKTeX 2.9\tex\latex\setspace\setspace.sty"
Package: setspace 2000/12/01 6.7 Contributed and Supported LaTeX2e package

Package: `setspace' 6.7 <2000/12/01>
) (D:\pb404\FirstYearReport\PeteBunch_FirstYearReport_FLPFforTT.aux)
LaTeX Font Info:    Checking defaults for OML/cmm/m/it on input line 28.
LaTeX Font Info:    ... okay on input line 28.
LaTeX Font Info:    Checking defaults for T1/cmr/m/n on input line 28.
LaTeX Font Info:    ... okay on input line 28.
LaTeX Font Info:    Checking defaults for OT1/cmr/m/n on input line 28.
LaTeX Font Info:    ... okay on input line 28.
LaTeX Font Info:    Checking defaults for OMS/cmsy/m/n on input line 28.
LaTeX Font Info:    ... okay on input line 28.
LaTeX Font Info:    Checking defaults for OMX/cmex/m/n on input line 28.
LaTeX Font Info:    ... okay on input line 28.
LaTeX Font Info:    Checking defaults for U/cmr/m/n on input line 28.
LaTeX Font Info:    ... okay on input line 28.
LaTeX Font Info:    Checking defaults for PD1/pdf/m/n on input line 28.
LaTeX Font Info:    ... okay on input line 28.

*geometry* driver: auto-detecting
*geometry* detected driver: pdftex
*geometry* verbose mode - [ preamble ] result:
* driver: pdftex
* paper: <default>
* layout: <same size as paper>
* layoutoffset:(h,v)=(0.0pt,0.0pt)
* modes: twoside 
* h-part:(L,W,R)=(122.85712pt, 414.65102pt, 76.78687pt)
* v-part:(T,H,B)=(119.24063pt, 556.48872pt, 119.24063pt)
* \paperwidth=614.295pt
* \paperheight=794.96999pt
* \textwidth=414.65102pt
* \textheight=556.48872pt
* \oddsidemargin=50.58713pt
* \evensidemargin=4.51688pt
* \topmargin=-1.0969pt
* \headheight=30.00005pt
* \headsep=18.06749pt
* \topskip=10.0pt
* \footskip=30.00005pt
* \marginparwidth=125.0pt
* \marginparsep=7.0pt
* \columnsep=10.0pt
* \skip\footins=9.0pt plus 4.0pt minus 2.0pt
* \hoffset=0.0pt
* \voffset=0.0pt
* \mag=1000
* \@twocolumnfalse
* \@twosidetrue
* \@mparswitchtrue
* \@reversemarginfalse
* (1in=72.27pt=25.4mm, 1cm=28.453pt)

("C:\Program Files (x86)\MiKTeX 2.9\tex\context\base\supp-pdf.mkii"
[Loading MPS to PDF converter (version 2006.09.02).]
\scratchcounter=\count160
\scratchdimen=\dimen185
\scratchbox=\box39
\nofMPsegments=\count161
\nofMParguments=\count162
\everyMPshowfont=\toks36
\MPscratchCnt=\count163
\MPscratchDim=\dimen186
\MPnumerator=\count164
\everyMPtoPDFconversion=\toks37
)
\AtBeginShipoutBox=\box40
\flashheight=\skip77
Package hyperref Info: Link coloring OFF on input line 28.
 ("C:\Program Files (x86)\MiKTeX 2.9\tex\latex\hyperref\nameref.sty"
Package: nameref 2010/04/30 v2.40 Cross-referencing by name of section

("C:\Program Files (x86)\MiKTeX 2.9\tex\latex\oberdiek\refcount.sty"
Package: refcount 2008/08/11 v3.1 Data extraction from references (HO)
)
("C:\Program Files (x86)\MiKTeX 2.9\tex\generic\oberdiek\gettitlestring.sty"
Package: gettitlestring 2009/12/18 v1.3 Cleanup title references (HO)
)
\c@section@level=\count165
)
LaTeX Info: Redefining \ref on input line 28.
LaTeX Info: Redefining \pageref on input line 28.
LaTeX Info: Redefining \nameref on input line 28.

(D:\pb404\FirstYearReport\PeteBunch_FirstYearReport_FLPFforTT.out)
(D:\pb404\FirstYearReport\PeteBunch_FirstYearReport_FLPFforTT.out)
\@outlinefile=\write5

ABD: EveryShipout initializing macros

LaTeX Font Warning: Font shape `OT1/cmr/bx/sc' undefined
(Font)              using `OT1/cmr/bx/n' instead on input line 31.


Underfull \hbox (badness 10000) has occurred while \output is active

 []

LaTeX Font Info:    Try loading font information for U+msa on input line 31.
("C:\Program Files (x86)\MiKTeX 2.9\tex\latex\amsfonts\umsa.fd"
File: umsa.fd 2009/06/22 v3.00 AMS symbols A
)
LaTeX Font Info:    Try loading font information for U+msb on input line 31.

("C:\Program Files (x86)\MiKTeX 2.9\tex\latex\amsfonts\umsb.fd"
File: umsb.fd 2009/06/22 v3.00 AMS symbols B
)
<thesis_graphics/CUnibig.pdf, id=294, 329.23pt x 68.255pt>
File: thesis_graphics/CUnibig.pdf Graphic file (type pdf)

<use thesis_graphics/CUnibig.pdf> [1{C:/ProgramData/MiKTeX/2.9/pdftex/config/pd
ftex.map}


 <D:/pb404/FirstYearReport/thesis_graphics/CUnibig.pdf>] [2

]
(D:\pb404\FirstYearReport\PeteBunch_FirstYearReport_FLPFforTT.toc

LaTeX Font Warning: Font shape `OT1/cmr/bx/it' in size <24> not available
(Font)              size <24.88> substituted on input line 30.

[3] [4])
\tf@toc=\write6
 [5] [6

]
Chapter 1.
(D:\pb404\FirstYearReport\Introduction.tex
Underfull \vbox (badness 1831) has occurred while \output is active []

LaTeX Font Info:    Try loading font information for T1+ptm on input line 11.

("C:\Program Files (x86)\MiKTeX 2.9\tex\latex\psnfss\t1ptm.fd"
File: t1ptm.fd 2001/06/04 font definitions for T1/ptm.
) [7]) [8]
Chapter 2.
LaTeX Font Info:    Try loading font information for OT1+jkposn on input line 3
9.
("C:\Program Files (x86)\MiKTeX 2.9\tex\latex\kpfonts\ot1jkposn.fd"
File: ot1jkposn.fd 2008/02/18 Fontinst v1.928 font definitions for OT1/jkposn.
)
(D:\pb404\FirstYearReport\LitRev1.tex [9

] [10]
Underfull \vbox (badness 1142) has occurred while \output is active []

 [11]
Underfull \vbox (badness 10000) has occurred while \output is active []

 [12]
[13] [14]) (D:\pb404\FirstYearReport\LitRev2.tex
Underfull \vbox (badness 7576) has occurred while \output is active []

 [15]
LaTeX Font Info:    Try loading font information for OMS+cmr on input line 4.

("C:\Program Files (x86)\MiKTeX 2.9\tex\latex\base\omscmr.fd"
File: omscmr.fd 1999/05/25 v2.5h Standard LaTeX font definitions
)
LaTeX Font Info:    Font shape `OMS/cmr/m/n' in size <10> not available
(Font)              Font shape `OMS/cmsy/m/n' tried instead on input line 4.

(D:\pb404\FirstYearReport\BasicTracking.pdf_tex
<BasicTracking.pdf, id=471, 297.28564pt x 129.283pt>
File: BasicTracking.pdf Graphic file (type pdf)
 <use BasicTracking.pdf>)
Underfull \vbox (badness 10000) has occurred while \output is active []

 [16 <D:/pb404/FirstYearReport/BasicTracking.pdf>] [17]
Underfull \vbox (badness 1838) has occurred while \output is active []

 [18]
[19] [20]
Underfull \vbox (badness 10000) has occurred while \output is active []

 [21])
[22]
Chapter 3.
(D:\pb404\FirstYearReport\MathsFoundations1.tex [23

]
(D:\pb404\FirstYearReport\tikz_HMM.tex))
(D:\pb404\FirstYearReport\MathsFoundations2.tex [24] [25])
(D:\pb404\FirstYearReport\MathsFoundations3.tex
<MonteCarlo-crop.pdf, id=542, 481.8pt x 370.38374pt>
File: MonteCarlo-crop.pdf Graphic file (type pdf)
 <use MonteCarlo-crop.pdf>
[26] [27 <D:/pb404/FirstYearReport/MonteCarlo-crop.pdf>] [28]
Underfull \vbox (badness 10000) has occurred while \output is active []

 [29]
[30]) [31] (D:\pb404\FirstYearReport\MathsFoundations4.tex) [32] [33] [34

]
Chapter 4.
(D:\pb404\FirstYearReport\TrackingModel1.tex [35]
(D:\pb404\FirstYearReport\BasicTrackingAssoc.pdf_tex
<BasicTrackingAssoc.pdf, id=615, 297.28564pt x 129.283pt>
File: BasicTrackingAssoc.pdf Graphic file (type pdf)

<use BasicTrackingAssoc.pdf>) (D:\pb404\FirstYearReport\tikz_HMMAssoc.tex)
Underfull \vbox (badness 10000) has occurred while \output is active []

 [36 <D:/pb404/FirstYearReport/BasicTrackingAssoc.pdf>] [37] [38] [39] [40]
<EKF-crop.pdf, id=658, 474.77374pt x 366.36874pt>
File: EKF-crop.pdf Graphic file (type pdf)
 <use EKF-crop.pdf>) [41 <D:/pb404/FirstYearReport/EKF-crop.pdf>] [42

]
Chapter 5.
(D:\pb404\FirstYearReport\FixedLag1.tex [43]
(D:\pb404\FirstYearReport\Rerouting.pdf_tex
<Rerouting.pdf, id=681, 285.75351pt x 281.85298pt>
File: Rerouting.pdf Graphic file (type pdf)
 <use Rerouting.pdf>))
(D:\pb404\FirstYearReport\FixedLag2.tex
Overfull \hbox (12.51286pt too wide) in paragraph at lines 3--4
[]\OT1/cmr/m/n/10 As be-fore, the tar-get pos-te-rior dis-tri-bu-tion in which 
we are in-ter-ested is the fa-mil-iar $\OML/cmm/m/it/10 P\OT1/cmr/m/n/10 (\OML/
cmm/m/it/10 X[]\OMS/cmsy/m/n/10 j\OML/cmm/m/it/10 Y[]\OT1/cmr/m/n/10 )$.
 []

[44 <D:/pb404/FirstYearReport/Rerouting.pdf>] [45])
(D:\pb404\FirstYearReport\FixedLag3.tex
Overfull \hbox (12.89687pt too wide) detected at line 7
[]\OML/cmm/m/it/10 q\OT1/cmr/m/n/10 (\OML/cmm/m/it/10 X[]; \OT1/cmr/m/n/10 []\
OMS/cmsy/m/n/10 j\OML/cmm/m/it/10 X[]; Y[]\OT1/cmr/m/n/10 ) = [] \OML/cmm/m/it/
10 q\OT1/cmr/m/n/10 (\OML/cmm/m/it/10 x[]; []\OMS/cmsy/m/n/10 j\OML/cmm/m/it/1
0 []; x[]; Y[]\OT1/cmr/m/n/10 )\OML/cmm/m/it/10 :
 []

[46] [47]
Underfull \vbox (badness 4660) has occurred while \output is active []

 [48]
[49] [50]) [51] [52

]
Chapter 6.
(D:\pb404\FirstYearReport\Implementations1.tex
Overfull \hbox (17.29005pt too wide) in alignment at lines 3--7
 [] [] [] [][]
 []


Underfull \vbox (badness 10000) has occurred while \output is active []

 [53]
[54]
Overfull \hbox (5.71078pt too wide) in paragraph at lines 45--46
[]\OT1/cmr/m/n/10 We can con-struct a hy-brid be-tween the full joint tar-get s
ys-tem and the independent-association
 []

) (D:\pb404\FirstYearReport\Implementations2.tex
Underfull \vbox (badness 8038) has occurred while \output is active []

 [55]
[56]
Overfull \hbox (2.66321pt too wide) in alignment at lines 35--42
 [] [] [] [][]
 []


Underfull \vbox (badness 10000) has occurred while \output is active []

 [57])
(D:\pb404\FirstYearReport\Implementations3.tex [58]) [59] [60

]
Chapter 7.
(D:\pb404\FirstYearReport\TargetExistence.tex
(D:\pb404\FirstYearReport\tikz_HMMExist.tex)
Underfull \vbox (badness 1748) has occurred while \output is active []

 [61]
[62] <DetectionTrackingObs-crop.pdf, id=823, 482.80376pt x 370.38374pt>
File: DetectionTrackingObs-crop.pdf Graphic file (type pdf)

<use DetectionTrackingObs-crop.pdf>
<DetectionTracking-crop.pdf, id=824, 482.80376pt x 370.38374pt>
File: DetectionTracking-crop.pdf Graphic file (type pdf)

<use DetectionTracking-crop.pdf>) [63] [64 <D:/pb404/FirstYearReport/DetectionT
rackingObs-crop.pdf> <D:/pb404/FirstYearReport/DetectionTracking-crop.pdf>]
Chapter 8.
(D:\pb404\FirstYearReport\Results1.tex
Overfull \hbox (21.59644pt too wide) in paragraph at lines 15--16
[]\OT1/cmr/m/n/10 where FL(N) in-di-cates fixed lag with a win-dow length of N 
and RB in-di-cated Rao-Blackwellisation.
 []

<results_wide_low_state-crop.pdf, id=852, 482.80376pt x 370.38374pt>
File: results_wide_low_state-crop.pdf Graphic file (type pdf)

<use results_wide_low_state-crop.pdf>
<results_wide_low_lGobs-crop.pdf, id=853, 482.80376pt x 370.38374pt>
File: results_wide_low_lGobs-crop.pdf Graphic file (type pdf)

<use results_wide_low_lGobs-crop.pdf>
<results_wide_low_brobs-crop.pdf, id=854, 482.80376pt x 370.38374pt>
File: results_wide_low_brobs-crop.pdf Graphic file (type pdf)

<use results_wide_low_brobs-crop.pdf>
<results_wide_high_state-crop.pdf, id=855, 482.80376pt x 370.38374pt>
File: results_wide_high_state-crop.pdf Graphic file (type pdf)

<use results_wide_high_state-crop.pdf>
<results_wide_high_lGobs-crop.pdf, id=856, 482.80376pt x 370.38374pt>
File: results_wide_high_lGobs-crop.pdf Graphic file (type pdf)

<use results_wide_high_lGobs-crop.pdf>
<results_wide_high_brobs-crop.pdf, id=857, 482.80376pt x 370.38374pt>
File: results_wide_high_brobs-crop.pdf Graphic file (type pdf)

<use results_wide_high_brobs-crop.pdf>
<results_wide_noise_state-crop.pdf, id=858, 482.80376pt x 370.38374pt>
File: results_wide_noise_state-crop.pdf Graphic file (type pdf)

<use results_wide_noise_state-crop.pdf>
<results_wide_noise_lGobs-crop.pdf, id=859, 482.80376pt x 370.38374pt>
File: results_wide_noise_lGobs-crop.pdf Graphic file (type pdf)

<use results_wide_noise_lGobs-crop.pdf>
<results_wide_noise_brobs-crop.pdf, id=860, 482.80376pt x 370.38374pt>
File: results_wide_noise_brobs-crop.pdf Graphic file (type pdf)

<use results_wide_noise_brobs-crop.pdf>
<results_close_state-crop.pdf, id=861, 482.80376pt x 370.38374pt>
File: results_close_state-crop.pdf Graphic file (type pdf)

<use results_close_state-crop.pdf>
<results_close_lGobs-crop.pdf, id=862, 482.80376pt x 370.38374pt>
File: results_close_lGobs-crop.pdf Graphic file (type pdf)

<use results_close_lGobs-crop.pdf>
<results_close_brobs-crop.pdf, id=863, 482.80376pt x 370.38374pt>
File: results_close_brobs-crop.pdf Graphic file (type pdf)

<use results_close_brobs-crop.pdf>
Underfull \vbox (badness 1694) has occurred while \output is active []

 [65

]
[66 <D:/pb404/FirstYearReport/results_wide_low_state-crop.pdf> <D:/pb404/FirstY
earReport/results_wide_low_lGobs-crop.pdf> <D:/pb404/FirstYearReport/results_wi
de_low_brobs-crop.pdf> <D:/pb404/FirstYearReport/results_wide_high_state-crop.p
df> <D:/pb404/FirstYearReport/results_wide_high_lGobs-crop.pdf> <D:/pb404/First
YearReport/results_wide_high_brobs-crop.pdf> <D:/pb404/FirstYearReport/results_
wide_noise_state-crop.pdf> <D:/pb404/FirstYearReport/results_wide_noise_lGobs-c
rop.pdf> <D:/pb404/FirstYearReport/results_wide_noise_brobs-crop.pdf>])
(D:\pb404\FirstYearReport\Results2.tex [67 <D:/pb404/FirstYearReport/results_cl
ose_state-crop.pdf> <D:/pb404/FirstYearReport/results_close_lGobs-crop.pdf> <D:
/pb404/FirstYearReport/results_close_brobs-crop.pdf>]
<results_PDAF-crop.pdf, id=975, 482.80376pt x 370.38374pt>
File: results_PDAF-crop.pdf Graphic file (type pdf)

<use results_PDAF-crop.pdf>
<results_SISR1-crop.pdf, id=976, 482.80376pt x 370.38374pt>
File: results_SISR1-crop.pdf Graphic file (type pdf)

<use results_SISR1-crop.pdf>
<results_SISR5-crop.pdf, id=977, 482.80376pt x 370.38374pt>
File: results_SISR5-crop.pdf Graphic file (type pdf)

<use results_SISR5-crop.pdf>
<results_RB-SISR5-crop.pdf, id=978, 482.80376pt x 370.38374pt>
File: results_RB-SISR5-crop.pdf Graphic file (type pdf)

<use results_RB-SISR5-crop.pdf>
<results_MCMC1-crop.pdf, id=979, 482.80376pt x 370.38374pt>
File: results_MCMC1-crop.pdf Graphic file (type pdf)

<use results_MCMC1-crop.pdf>
<results_MCMC5-crop.pdf, id=980, 482.80376pt x 370.38374pt>
File: results_MCMC5-crop.pdf Graphic file (type pdf)

<use results_MCMC5-crop.pdf>
<results_RB-MCMC5-crop.pdf, id=981, 482.80376pt x 370.38374pt>
File: results_RB-MCMC5-crop.pdf Graphic file (type pdf)

<use results_RB-MCMC5-crop.pdf> [68 <D:/pb404/FirstYearReport/results_PDAF-crop
.pdf>] [69] [70] [71 <D:/pb404/FirstYearReport/results_SISR1-crop.pdf> <D:/pb40
4/FirstYearReport/results_SISR5-crop.pdf> <D:/pb404/FirstYearReport/results_RB-
SISR5-crop.pdf>] [72 <D:/pb404/FirstYearReport/results_MCMC1-crop.pdf> <D:/pb40
4/FirstYearReport/results_MCMC5-crop.pdf> <D:/pb404/FirstYearReport/results_RB-
MCMC5-crop.pdf>]) [73] [74]
Chapter 9.
(D:\pb404\FirstYearReport\CursorTracking.tex [75

] [76] [77] [78]
<MovieScreenshot-crop.pdf, id=1094, 485.815pt x 312.16624pt>
File: MovieScreenshot-crop.pdf Graphic file (type pdf)

<use MovieScreenshot-crop.pdf>
Underfull \vbox (badness 1406) has occurred while \output is active []

 [79 <D:/pb404/FirstYearReport/MovieScreenshot-crop.pdf>]) [80]
Chapter 10.
(D:\pb404\FirstYearReport\FutureWork1.tex [81

] [82] [83] [84] [85]) [86]
Appendix A.
(D:\pb404\FirstYearReport\App_AssocProposals.tex [87


]
Underfull \vbox (badness 10000) has occurred while \output is active []

 [88]
Underfull \vbox (badness 10000) has occurred while \output is active []

 [89]
[90]) (D:\pb404\FirstYearReport\PeteBunch_FirstYearReport_FLPFforTT.bbl
[91] [92

]
Underfull \hbox (badness 10000) in paragraph at lines 4--10
\OT1/cmr/m/n/10 URL: []$\OT1/cmtt/m/n/10 http : / / www . sciencedirect . com /
 science / article / B6V1D-[]4CT4DWS-[]2 / 2 /
 []

[93]
Underfull \hbox (badness 10000) in paragraph at lines 81--87
\OT1/cmr/m/n/10 URL: []$\OT1/cmtt/m/n/10 http : / / www . sciencedirect . com /
 science / article / B6VC0-[]3VWT1TW-[]7 / 2 /
 []


Underfull \hbox (badness 1454) in paragraph at lines 143--150
\OT1/cmr/m/n/10 URL: []$\OT1/cmtt/m/n/10 http : / / citeseerx . ist . psu . edu
 / viewdoc / download ? doi = 10 . 1 . 1 . 157 . 772&rep =
 []

[94] [95]
Underfull \hbox (badness 10000) in paragraph at lines 279--284
\OT1/cmr/m/n/10 URL: []$\OT1/cmtt/m/n/10 http : / / citeseerx . ist . psu . edu
 / viewdoc / download ? doi = 10 . 1 . 1 . 129 .
 []

[96]
Underfull \hbox (badness 10000) in paragraph at lines 350--357
\OT1/cmr/m/n/10 URL: []$\OT1/cmtt/m/n/10 http : / / www . sciencedirect . com /
 science / article / B6V09-[]4938V06-[]1 / 2 /
 []

[97]
Underfull \hbox (badness 10000) in paragraph at lines 451--459
\OT1/cmr/m/n/10 URL: []$\OT1/cmtt/m/n/10 http : / / www . sciencedirect . com /
 science / article / B6W76-[]4HJRRX5-[]1 / 2 /
 []

[98])
Package atveryend Info: Empty hook `BeforeClearDocument' on input line 109.
 [99]
Package atveryend Info: Empty hook `AfterLastShipout' on input line 109.
 (D:\pb404\FirstYearReport\PeteBunch_FirstYearReport_FLPFforTT.aux)
Package atveryend Info: Executing hook `AtVeryEndDocument' on input line 109.
Package rerunfilecheck Info: File `PeteBunch_FirstYearReport_FLPFforTT.out' has
 not changed.
(rerunfilecheck)             Checksum: C1A7B4E5FE9FF350815907705EDE4F77;5318.


LaTeX Font Warning: Size substitutions with differences
(Font)              up to 0.88pt have occurred.


LaTeX Font Warning: Some font shapes were not available, defaults substituted.

 ) 
Here is how much of TeX's memory you used:
 17326 strings out of 494019
 304974 string characters out of 3143930
 387965 words of memory out of 3000000
 19786 multiletter control sequences out of 15000+200000
 27735 words of font info for 77 fonts, out of 3000000 for 9000
 714 hyphenation exceptions out of 8191
 56i,17n,60p,1476b,972s stack positions out of 5000i,500n,10000p,200000b,50000s
{C:/Program Files (x86)/MiKTeX 2.9/fonts/enc/dvips/kpfonts/kpfonts-expert.enc
}{C:/Program Files (x86)/MiKTeX 2.9/fonts/enc/dvips/fontname/8r.enc}<C:/Program
 Files (x86)/MiKTeX 2.9/fonts/type1/public/amsfonts/cm/cmbx10.pfb><C:/Program F
iles (x86)/MiKTeX 2.9/fonts/type1/public/amsfonts/cm/cmbx12.pfb><C:/Program Fil
es (x86)/MiKTeX 2.9/fonts/type1/public/amsfonts/cm/cmbxti10.pfb><C:/Program Fil
es (x86)/MiKTeX 2.9/fonts/type1/public/amsfonts/cm/cmex10.pfb><C:/Program Files
 (x86)/MiKTeX 2.9/fonts/type1/public/amsfonts/cm/cmmi10.pfb><C:/Program Files (
x86)/MiKTeX 2.9/fonts/type1/public/amsfonts/cm/cmmi5.pfb><C:/Program Files (x86
)/MiKTeX 2.9/fonts/type1/public/amsfonts/cm/cmmi7.pfb><C:/Program Files (x86)/M
iKTeX 2.9/fonts/type1/public/amsfonts/cm/cmr10.pfb><C:/Program Files (x86)/MiKT
eX 2.9/fonts/type1/public/amsfonts/cm/cmr12.pfb><C:/Program Files (x86)/MiKTeX 
2.9/fonts/type1/public/amsfonts/cm/cmr5.pfb><C:/Program Files (x86)/MiKTeX 2.9/
fonts/type1/public/amsfonts/cm/cmr7.pfb><C:/Program Files (x86)/MiKTeX 2.9/font
s/type1/public/amsfonts/cm/cmr8.pfb><C:/Program Files (x86)/MiKTeX 2.9/fonts/ty
pe1/public/amsfonts/cm/cmr9.pfb><C:/Program Files (x86)/MiKTeX 2.9/fonts/type1/
public/amsfonts/cm/cmss9.pfb><C:/Program Files (x86)/MiKTeX 2.9/fonts/type1/pub
lic/amsfonts/cm/cmssbx10.pfb><C:/Program Files (x86)/MiKTeX 2.9/fonts/type1/pub
lic/amsfonts/cm/cmsy10.pfb><C:/Program Files (x86)/MiKTeX 2.9/fonts/type1/publi
c/amsfonts/cm/cmsy5.pfb><C:/Program Files (x86)/MiKTeX 2.9/fonts/type1/public/a
msfonts/cm/cmsy7.pfb><C:/Program Files (x86)/MiKTeX 2.9/fonts/type1/public/amsf
onts/cm/cmti10.pfb><C:/Program Files (x86)/MiKTeX 2.9/fonts/type1/public/amsfon
ts/cm/cmtt10.pfb><C:/Program Files (x86)/MiKTeX 2.9/fonts/type1/public/kpfonts/
jkpbit8a.pfb><C:/Program Files (x86)/MiKTeX 2.9/fonts/type1/public/kpfonts/jkpb
itc.pfb><C:/Program Files (x86)/MiKTeX 2.9/fonts/type1/public/kpfonts/jkpbite.p
fb><C:/Program Files (x86)/MiKTeX 2.9/fonts/type1/public/kpfonts/jkpbn8a.pfb><C
:/Program Files (x86)/MiKTeX 2.9/fonts/type1/public/kpfonts/jkpbnc.pfb><C:/Prog
ram Files (x86)/MiKTeX 2.9/fonts/type1/public/amsfonts/symbols/msbm10.pfb><C:/P
rogram Files (x86)/MiKTeX 2.9/fonts/type1/urw/times/utmb8a.pfb>
Output written on PeteBunch_FirstYearReport_FLPFforTT.pdf (99 pages, 7370185 by
tes).
PDF statistics:
 1402 PDF objects out of 1440 (max. 8388607)
 353 named destinations out of 1000 (max. 500000)
 729 words of extra memory for PDF output out of 10000 (max. 10000000)

