\BOOKMARK [0][-]{chapter.1}{Introduction}{}% 1
\BOOKMARK [0][-]{chapter.2}{Particle Methods}{}% 2
\BOOKMARK [1][-]{section.2.1}{Bayes of our lives - what is filtering?}{chapter.2}% 3
\BOOKMARK [1][-]{section.2.2}{Keep Kalman carry on - the Kalman filter and its extensions}{chapter.2}% 4
\BOOKMARK [1][-]{section.2.3}{Tough as old bootstraps - a review of particle filter}{chapter.2}% 5
\BOOKMARK [1][-]{section.2.4}{Particular details - mathematical basics of the particle filter}{chapter.2}% 6
\BOOKMARK [2][-]{subsection.2.4.1}{Auxiliary sampling}{section.2.4}% 7
\BOOKMARK [2][-]{subsection.2.4.2}{Degeneracy and resampling}{section.2.4}% 8
\BOOKMARK [2][-]{subsection.2.4.3}{Importance distributions}{section.2.4}% 9
\BOOKMARK [1][-]{section.2.5}{MCMC in da house - series vs. parallel}{chapter.2}% 10
\BOOKMARK [0][-]{chapter.3}{Approaches to Tracking}{}% 11
\BOOKMARK [1][-]{section.3.1}{Why do we track?}{chapter.3}% 12
\BOOKMARK [1][-]{section.3.2}{Models for tracking}{chapter.3}% 13
\BOOKMARK [2][-]{subsection.3.2.1}{The data association problem}{section.3.2}% 14
\BOOKMARK [1][-]{section.3.3}{A brief review of tracking algorithms}{chapter.3}% 15
\BOOKMARK [0][-]{chapter.4}{Fixed Lag Estimation for Tracking}{}% 16
\BOOKMARK [1][-]{section.4.1}{Why do now what we can do later?}{chapter.4}% 17
\BOOKMARK [1][-]{section.4.2}{A mathematical framework for fixed lag estimation}{chapter.4}% 18
\BOOKMARK [2][-]{subsection.4.2.1}{Artificial conditionals}{section.4.2}% 19
\BOOKMARK [2][-]{subsection.4.2.2}{History Proposals}{section.4.2}% 20
\BOOKMARK [1][-]{section.4.3}{Applying the fixed lag method to the tracking model}{chapter.4}% 21
\BOOKMARK [2][-]{subsection.4.3.1}{Importance distributions}{section.4.3}% 22
\BOOKMARK [0][-]{chapter.5}{Fixed Lag Particle Filters}{}% 23
\BOOKMARK [1][-]{section.5.1}{Sequential Importance Sampling and Resampling}{chapter.5}% 24
\BOOKMARK [2][-]{subsection.5.1.1}{Coping with dimensionality}{section.5.1}% 25
\BOOKMARK [1][-]{section.5.2}{Markov Chain Monte Carlo}{chapter.5}% 26
\BOOKMARK [1][-]{section.5.3}{Marginalised Particle Filters}{chapter.5}% 27
\BOOKMARK [0][-]{chapter.6}{Plan Of Future Research}{}% 28
